<?xml version="1.0" encoding="UTF-8"?>
<testsuite xmlns:xsi="http://www.w3.org/2001/XMLSchema-instance" xsi:noNamespaceSchemaLocation="https://maven.apache.org/surefire/maven-surefire-plugin/xsd/surefire-test-report-3.0.xsd" version="3.0" name="com.automationexercise2.runners.LoginPage" time="9.955" tests="1" errors="0" skipped="0" failures="0">
  <properties>
    <property name="java.specification.version" value="24"/>
    <property name="sun.cpu.isalist" value="amd64"/>
    <property name="sun.jnu.encoding" value="Cp1252"/>
    <property name="java.class.path" value="C:\Users\Alvaro\eclipse-workspace\automationexercise2\target\test-classes;C:\Users\Alvaro\eclipse-workspace\automationexercise2\target\classes;C:\Users\Alvaro\.m2\repository\org\seleniumhq\selenium\selenium-java\4.21.0\selenium-java-4.21.0.jar;C:\Users\Alvaro\.m2\repository\org\seleniumhq\selenium\selenium-api\4.21.0\selenium-api-4.21.0.jar;C:\Users\Alvaro\.m2\repository\org\seleniumhq\selenium\selenium-chrome-driver\4.21.0\selenium-chrome-driver-4.21.0.jar;C:\Users\Alvaro\.m2\repository\com\google\auto\service\auto-service-annotations\1.1.1\auto-service-annotations-1.1.1.jar;C:\Users\Alvaro\.m2\repository\org\seleniumhq\selenium\selenium-chromium-driver\4.21.0\selenium-chromium-driver-4.21.0.jar;C:\Users\Alvaro\.m2\repository\org\seleniumhq\selenium\selenium-json\4.21.0\selenium-json-4.21.0.jar;C:\Users\Alvaro\.m2\repository\org\seleniumhq\selenium\selenium-manager\4.21.0\selenium-manager-4.21.0.jar;C:\Users\Alvaro\.m2\repository\org\seleniumhq\selenium\selenium-devtools-v123\4.21.0\selenium-devtools-v123-4.21.0.jar;C:\Users\Alvaro\.m2\repository\org\seleniumhq\selenium\selenium-devtools-v124\4.21.0\selenium-devtools-v124-4.21.0.jar;C:\Users\Alvaro\.m2\repository\org\seleniumhq\selenium\selenium-devtools-v125\4.21.0\selenium-devtools-v125-4.21.0.jar;C:\Users\Alvaro\.m2\repository\org\seleniumhq\selenium\selenium-devtools-v85\4.21.0\selenium-devtools-v85-4.21.0.jar;C:\Users\Alvaro\.m2\repository\org\seleniumhq\selenium\selenium-edge-driver\4.21.0\selenium-edge-driver-4.21.0.jar;C:\Users\Alvaro\.m2\repository\org\seleniumhq\selenium\selenium-firefox-driver\4.21.0\selenium-firefox-driver-4.21.0.jar;C:\Users\Alvaro\.m2\repository\org\seleniumhq\selenium\selenium-http\4.21.0\selenium-http-4.21.0.jar;C:\Users\Alvaro\.m2\repository\dev\failsafe\failsafe\3.3.2\failsafe-3.3.2.jar;C:\Users\Alvaro\.m2\repository\org\seleniumhq\selenium\selenium-ie-driver\4.21.0\selenium-ie-driver-4.21.0.jar;C:\Users\Alvaro\.m2\repository\org\seleniumhq\selenium\selenium-remote-driver\4.21.0\selenium-remote-driver-4.21.0.jar;C:\Users\Alvaro\.m2\repository\com\google\guava\guava\33.2.0-jre\guava-33.2.0-jre.jar;C:\Users\Alvaro\.m2\repository\com\google\guava\failureaccess\1.0.2\failureaccess-1.0.2.jar;C:\Users\Alvaro\.m2\repository\com\google\guava\listenablefuture\9999.0-empty-to-avoid-conflict-with-guava\listenablefuture-9999.0-empty-to-avoid-conflict-with-guava.jar;C:\Users\Alvaro\.m2\repository\com\google\code\findbugs\jsr305\3.0.2\jsr305-3.0.2.jar;C:\Users\Alvaro\.m2\repository\org\checkerframework\checker-qual\3.42.0\checker-qual-3.42.0.jar;C:\Users\Alvaro\.m2\repository\com\google\errorprone\error_prone_annotations\2.26.1\error_prone_annotations-2.26.1.jar;C:\Users\Alvaro\.m2\repository\com\google\j2objc\j2objc-annotations\3.0.0\j2objc-annotations-3.0.0.jar;C:\Users\Alvaro\.m2\repository\io\opentelemetry\semconv\opentelemetry-semconv\1.25.0-alpha\opentelemetry-semconv-1.25.0-alpha.jar;C:\Users\Alvaro\.m2\repository\io\opentelemetry\opentelemetry-api\1.38.0\opentelemetry-api-1.38.0.jar;C:\Users\Alvaro\.m2\repository\io\opentelemetry\opentelemetry-context\1.38.0\opentelemetry-context-1.38.0.jar;C:\Users\Alvaro\.m2\repository\io\opentelemetry\opentelemetry-exporter-logging\1.38.0\opentelemetry-exporter-logging-1.38.0.jar;C:\Users\Alvaro\.m2\repository\io\opentelemetry\opentelemetry-sdk-common\1.38.0\opentelemetry-sdk-common-1.38.0.jar;C:\Users\Alvaro\.m2\repository\io\opentelemetry\opentelemetry-sdk-extension-autoconfigure-spi\1.38.0\opentelemetry-sdk-extension-autoconfigure-spi-1.38.0.jar;C:\Users\Alvaro\.m2\repository\io\opentelemetry\opentelemetry-sdk-extension-autoconfigure\1.38.0\opentelemetry-sdk-extension-autoconfigure-1.38.0.jar;C:\Users\Alvaro\.m2\repository\io\opentelemetry\opentelemetry-api-incubator\1.38.0-alpha\opentelemetry-api-incubator-1.38.0-alpha.jar;C:\Users\Alvaro\.m2\repository\io\opentelemetry\opentelemetry-sdk-trace\1.38.0\opentelemetry-sdk-trace-1.38.0.jar;C:\Users\Alvaro\.m2\repository\io\opentelemetry\opentelemetry-sdk\1.38.0\opentelemetry-sdk-1.38.0.jar;C:\Users\Alvaro\.m2\repository\io\opentelemetry\opentelemetry-sdk-metrics\1.38.0\opentelemetry-sdk-metrics-1.38.0.jar;C:\Users\Alvaro\.m2\repository\io\opentelemetry\opentelemetry-sdk-logs\1.38.0\opentelemetry-sdk-logs-1.38.0.jar;C:\Users\Alvaro\.m2\repository\net\bytebuddy\byte-buddy\1.14.15\byte-buddy-1.14.15.jar;C:\Users\Alvaro\.m2\repository\org\seleniumhq\selenium\selenium-os\4.21.0\selenium-os-4.21.0.jar;C:\Users\Alvaro\.m2\repository\org\apache\commons\commons-exec\1.4.0\commons-exec-1.4.0.jar;C:\Users\Alvaro\.m2\repository\org\seleniumhq\selenium\selenium-safari-driver\4.21.0\selenium-safari-driver-4.21.0.jar;C:\Users\Alvaro\.m2\repository\org\seleniumhq\selenium\selenium-support\4.21.0\selenium-support-4.21.0.jar;C:\Users\Alvaro\.m2\repository\junit\junit\4.13.2\junit-4.13.2.jar;C:\Users\Alvaro\.m2\repository\org\hamcrest\hamcrest-core\1.3\hamcrest-core-1.3.jar;C:\Users\Alvaro\.m2\repository\io\cucumber\cucumber-java\7.23.0\cucumber-java-7.23.0.jar;C:\Users\Alvaro\.m2\repository\io\cucumber\cucumber-core\7.23.0\cucumber-core-7.23.0.jar;C:\Users\Alvaro\.m2\repository\io\cucumber\cucumber-gherkin\7.23.0\cucumber-gherkin-7.23.0.jar;C:\Users\Alvaro\.m2\repository\io\cucumber\cucumber-gherkin-messages\7.23.0\cucumber-gherkin-messages-7.23.0.jar;C:\Users\Alvaro\.m2\repository\io\cucumber\gherkin\32.1.1\gherkin-32.1.1.jar;C:\Users\Alvaro\.m2\repository\io\cucumber\messages\27.2.0\messages-27.2.0.jar;C:\Users\Alvaro\.m2\repository\io\cucumber\testng-xml-formatter\0.3.1\testng-xml-formatter-0.3.1.jar;C:\Users\Alvaro\.m2\repository\io\cucumber\query\13.6.0\query-13.6.0.jar;C:\Users\Alvaro\.m2\repository\io\cucumber\tag-expressions\6.1.2\tag-expressions-6.1.2.jar;C:\Users\Alvaro\.m2\repository\io\cucumber\cucumber-expressions\18.0.1\cucumber-expressions-18.0.1.jar;C:\Users\Alvaro\.m2\repository\io\cucumber\datatable\7.23.0\datatable-7.23.0.jar;C:\Users\Alvaro\.m2\repository\io\cucumber\cucumber-plugin\7.23.0\cucumber-plugin-7.23.0.jar;C:\Users\Alvaro\.m2\repository\io\cucumber\docstring\7.23.0\docstring-7.23.0.jar;C:\Users\Alvaro\.m2\repository\io\cucumber\html-formatter\21.10.1\html-formatter-21.10.1.jar;C:\Users\Alvaro\.m2\repository\io\cucumber\junit-xml-formatter\0.7.1\junit-xml-formatter-0.7.1.jar;C:\Users\Alvaro\.m2\repository\io\cucumber\ci-environment\10.0.1\ci-environment-10.0.1.jar;C:\Users\Alvaro\.m2\repository\org\apiguardian\apiguardian-api\1.1.2\apiguardian-api-1.1.2.jar;C:\Users\Alvaro\.m2\repository\io\cucumber\cucumber-junit\7.23.0\cucumber-junit-7.23.0.jar;C:\Users\Alvaro\.m2\repository\net\serenity-bdd\serenity-core\3.9.8\serenity-core-3.9.8.jar;C:\Users\Alvaro\.m2\repository\net\serenity-bdd\serenity-model\3.9.8\serenity-model-3.9.8.jar;C:\Users\Alvaro\.m2\repository\org\apache\commons\commons-text\1.10.0\commons-text-1.10.0.jar;C:\Users\Alvaro\.m2\repository\commons-net\commons-net\3.9.0\commons-net-3.9.0.jar;C:\Users\Alvaro\.m2\repository\org\jsoup\jsoup\1.15.4\jsoup-1.15.4.jar;C:\Users\Alvaro\.m2\repository\com\thoughtworks\xstream\xstream\1.4.20\xstream-1.4.20.jar;C:\Users\Alvaro\.m2\repository\io\github\x-stream\mxparser\1.2.2\mxparser-1.2.2.jar;C:\Users\Alvaro\.m2\repository\xmlpull\xmlpull\1.1.3.1\xmlpull-1.1.3.1.jar;C:\Users\Alvaro\.m2\repository\com\typesafe\config\1.4.2\config-1.4.2.jar;C:\Users\Alvaro\.m2\repository\org\imgscalr\imgscalr-lib\4.2\imgscalr-lib-4.2.jar;C:\Users\Alvaro\.m2\repository\org\awaitility\awaitility\4.2.0\awaitility-4.2.0.jar;C:\Users\Alvaro\.m2\repository\org\freemarker\freemarker\2.3.31\freemarker-2.3.31.jar;C:\Users\Alvaro\.m2\repository\io\github\classgraph\classgraph\4.8.157\classgraph-4.8.157.jar;C:\Users\Alvaro\.m2\repository\com\github\ben-manes\caffeine\caffeine\2.9.2\caffeine-2.9.2.jar;C:\Users\Alvaro\.m2\repository\org\ehcache\ehcache\3.10.8\ehcache-3.10.8.jar;C:\Users\Alvaro\.m2\repository\javax\cache\cache-api\1.1.0\cache-api-1.1.0.jar;C:\Users\Alvaro\.m2\repository\net\sourceforge\jexcelapi\jxl\2.6.12\jxl-2.6.12.jar;C:\Users\Alvaro\.m2\repository\net\bytebuddy\byte-buddy-agent\1.14.4\byte-buddy-agent-1.14.4.jar;C:\Users\Alvaro\.m2\repository\org\objenesis\objenesis\3.3\objenesis-3.3.jar;C:\Users\Alvaro\.m2\repository\com\vladsch\flexmark\flexmark-all\0.62.2\flexmark-all-0.62.2.jar;C:\Users\Alvaro\.m2\repository\com\vladsch\flexmark\flexmark\0.62.2\flexmark-0.62.2.jar;C:\Users\Alvaro\.m2\repository\com\vladsch\flexmark\flexmark-ext-abbreviation\0.62.2\flexmark-ext-abbreviation-0.62.2.jar;C:\Users\Alvaro\.m2\repository\com\vladsch\flexmark\flexmark-util\0.62.2\flexmark-util-0.62.2.jar;C:\Users\Alvaro\.m2\repository\com\vladsch\flexmark\flexmark-ext-admonition\0.62.2\flexmark-ext-admonition-0.62.2.jar;C:\Users\Alvaro\.m2\repository\com\vladsch\flexmark\flexmark-ext-anchorlink\0.62.2\flexmark-ext-anchorlink-0.62.2.jar;C:\Users\Alvaro\.m2\repository\com\vladsch\flexmark\flexmark-ext-aside\0.62.2\flexmark-ext-aside-0.62.2.jar;C:\Users\Alvaro\.m2\repository\com\vladsch\flexmark\flexmark-ext-attributes\0.62.2\flexmark-ext-attributes-0.62.2.jar;C:\Users\Alvaro\.m2\repository\com\vladsch\flexmark\flexmark-ext-autolink\0.62.2\flexmark-ext-autolink-0.62.2.jar;C:\Users\Alvaro\.m2\repository\org\nibor\autolink\autolink\0.6.0\autolink-0.6.0.jar;C:\Users\Alvaro\.m2\repository\com\vladsch\flexmark\flexmark-ext-definition\0.62.2\flexmark-ext-definition-0.62.2.jar;C:\Users\Alvaro\.m2\repository\com\vladsch\flexmark\flexmark-ext-emoji\0.62.2\flexmark-ext-emoji-0.62.2.jar;C:\Users\Alvaro\.m2\repository\com\vladsch\flexmark\flexmark-ext-enumerated-reference\0.62.2\flexmark-ext-enumerated-reference-0.62.2.jar;C:\Users\Alvaro\.m2\repository\com\vladsch\flexmark\flexmark-ext-escaped-character\0.62.2\flexmark-ext-escaped-character-0.62.2.jar;C:\Users\Alvaro\.m2\repository\com\vladsch\flexmark\flexmark-ext-footnotes\0.62.2\flexmark-ext-footnotes-0.62.2.jar;C:\Users\Alvaro\.m2\repository\com\vladsch\flexmark\flexmark-ext-gfm-issues\0.62.2\flexmark-ext-gfm-issues-0.62.2.jar;C:\Users\Alvaro\.m2\repository\com\vladsch\flexmark\flexmark-ext-gfm-strikethrough\0.62.2\flexmark-ext-gfm-strikethrough-0.62.2.jar;C:\Users\Alvaro\.m2\repository\com\vladsch\flexmark\flexmark-ext-gfm-tasklist\0.62.2\flexmark-ext-gfm-tasklist-0.62.2.jar;C:\Users\Alvaro\.m2\repository\com\vladsch\flexmark\flexmark-ext-gfm-users\0.62.2\flexmark-ext-gfm-users-0.62.2.jar;C:\Users\Alvaro\.m2\repository\com\vladsch\flexmark\flexmark-ext-gitlab\0.62.2\flexmark-ext-gitlab-0.62.2.jar;C:\Users\Alvaro\.m2\repository\com\vladsch\flexmark\flexmark-ext-jekyll-front-matter\0.62.2\flexmark-ext-jekyll-front-matter-0.62.2.jar;C:\Users\Alvaro\.m2\repository\com\vladsch\flexmark\flexmark-ext-jekyll-tag\0.62.2\flexmark-ext-jekyll-tag-0.62.2.jar;C:\Users\Alvaro\.m2\repository\com\vladsch\flexmark\flexmark-ext-media-tags\0.62.2\flexmark-ext-media-tags-0.62.2.jar;C:\Users\Alvaro\.m2\repository\com\vladsch\flexmark\flexmark-ext-macros\0.62.2\flexmark-ext-macros-0.62.2.jar;C:\Users\Alvaro\.m2\repository\com\vladsch\flexmark\flexmark-ext-ins\0.62.2\flexmark-ext-ins-0.62.2.jar;C:\Users\Alvaro\.m2\repository\com\vladsch\flexmark\flexmark-ext-xwiki-macros\0.62.2\flexmark-ext-xwiki-macros-0.62.2.jar;C:\Users\Alvaro\.m2\repository\com\vladsch\flexmark\flexmark-ext-superscript\0.62.2\flexmark-ext-superscript-0.62.2.jar;C:\Users\Alvaro\.m2\repository\com\vladsch\flexmark\flexmark-ext-tables\0.62.2\flexmark-ext-tables-0.62.2.jar;C:\Users\Alvaro\.m2\repository\com\vladsch\flexmark\flexmark-ext-toc\0.62.2\flexmark-ext-toc-0.62.2.jar;C:\Users\Alvaro\.m2\repository\com\vladsch\flexmark\flexmark-ext-typographic\0.62.2\flexmark-ext-typographic-0.62.2.jar;C:\Users\Alvaro\.m2\repository\com\vladsch\flexmark\flexmark-ext-wikilink\0.62.2\flexmark-ext-wikilink-0.62.2.jar;C:\Users\Alvaro\.m2\repository\com\vladsch\flexmark\flexmark-ext-yaml-front-matter\0.62.2\flexmark-ext-yaml-front-matter-0.62.2.jar;C:\Users\Alvaro\.m2\repository\com\vladsch\flexmark\flexmark-ext-youtube-embedded\0.62.2\flexmark-ext-youtube-embedded-0.62.2.jar;C:\Users\Alvaro\.m2\repository\com\vladsch\flexmark\flexmark-html2md-converter\0.62.2\flexmark-html2md-converter-0.62.2.jar;C:\Users\Alvaro\.m2\repository\com\vladsch\flexmark\flexmark-jira-converter\0.62.2\flexmark-jira-converter-0.62.2.jar;C:\Users\Alvaro\.m2\repository\com\vladsch\flexmark\flexmark-pdf-converter\0.62.2\flexmark-pdf-converter-0.62.2.jar;C:\Users\Alvaro\.m2\repository\com\openhtmltopdf\openhtmltopdf-core\1.0.0\openhtmltopdf-core-1.0.0.jar;C:\Users\Alvaro\.m2\repository\com\openhtmltopdf\openhtmltopdf-pdfbox\1.0.0\openhtmltopdf-pdfbox-1.0.0.jar;C:\Users\Alvaro\.m2\repository\org\apache\pdfbox\pdfbox\2.0.16\pdfbox-2.0.16.jar;C:\Users\Alvaro\.m2\repository\org\apache\pdfbox\fontbox\2.0.16\fontbox-2.0.16.jar;C:\Users\Alvaro\.m2\repository\org\apache\pdfbox\xmpbox\2.0.16\xmpbox-2.0.16.jar;C:\Users\Alvaro\.m2\repository\de\rototor\pdfbox\graphics2d\0.24\graphics2d-0.24.jar;C:\Users\Alvaro\.m2\repository\com\openhtmltopdf\openhtmltopdf-rtl-support\1.0.0\openhtmltopdf-rtl-support-1.0.0.jar;C:\Users\Alvaro\.m2\repository\com\openhtmltopdf\openhtmltopdf-jsoup-dom-converter\1.0.0\openhtmltopdf-jsoup-dom-converter-1.0.0.jar;C:\Users\Alvaro\.m2\repository\com\vladsch\flexmark\flexmark-profile-pegdown\0.62.2\flexmark-profile-pegdown-0.62.2.jar;C:\Users\Alvaro\.m2\repository\com\vladsch\flexmark\flexmark-util-ast\0.62.2\flexmark-util-ast-0.62.2.jar;C:\Users\Alvaro\.m2\repository\org\jetbrains\annotations\15.0\annotations-15.0.jar;C:\Users\Alvaro\.m2\repository\com\vladsch\flexmark\flexmark-util-builder\0.62.2\flexmark-util-builder-0.62.2.jar;C:\Users\Alvaro\.m2\repository\com\vladsch\flexmark\flexmark-util-collection\0.62.2\flexmark-util-collection-0.62.2.jar;C:\Users\Alvaro\.m2\repository\com\vladsch\flexmark\flexmark-util-data\0.62.2\flexmark-util-data-0.62.2.jar;C:\Users\Alvaro\.m2\repository\com\vladsch\flexmark\flexmark-util-dependency\0.62.2\flexmark-util-dependency-0.62.2.jar;C:\Users\Alvaro\.m2\repository\com\vladsch\flexmark\flexmark-util-format\0.62.2\flexmark-util-format-0.62.2.jar;C:\Users\Alvaro\.m2\repository\com\vladsch\flexmark\flexmark-util-html\0.62.2\flexmark-util-html-0.62.2.jar;C:\Users\Alvaro\.m2\repository\com\vladsch\flexmark\flexmark-util-misc\0.62.2\flexmark-util-misc-0.62.2.jar;C:\Users\Alvaro\.m2\repository\com\vladsch\flexmark\flexmark-util-options\0.62.2\flexmark-util-options-0.62.2.jar;C:\Users\Alvaro\.m2\repository\com\vladsch\flexmark\flexmark-util-sequence\0.62.2\flexmark-util-sequence-0.62.2.jar;C:\Users\Alvaro\.m2\repository\com\vladsch\flexmark\flexmark-util-visitor\0.62.2\flexmark-util-visitor-0.62.2.jar;C:\Users\Alvaro\.m2\repository\com\vladsch\flexmark\flexmark-youtrack-converter\0.62.2\flexmark-youtrack-converter-0.62.2.jar;C:\Users\Alvaro\.m2\repository\net\serenity-bdd\serenity-reports\3.9.8\serenity-reports-3.9.8.jar;C:\Users\Alvaro\.m2\repository\net\serenity-bdd\serenity-stats\3.9.8\serenity-stats-3.9.8.jar;C:\Users\Alvaro\.m2\repository\org\jetbrains\kotlin\kotlin-stdlib\1.9.0\kotlin-stdlib-1.9.0.jar;C:\Users\Alvaro\.m2\repository\org\jetbrains\kotlin\kotlin-stdlib-common\1.9.0\kotlin-stdlib-common-1.9.0.jar;C:\Users\Alvaro\.m2\repository\net\serenity-bdd\serenity-reports-configuration\3.9.8\serenity-reports-configuration-3.9.8.jar;C:\Users\Alvaro\.m2\repository\com\ibm\icu\icu4j\72.1\icu4j-72.1.jar;C:\Users\Alvaro\.m2\repository\es\nitaur\markdown\txtmark\0.16\txtmark-0.16.jar;C:\Users\Alvaro\.m2\repository\net\serenity-bdd\serenity-report-resources\3.9.8\serenity-report-resources-3.9.8.jar;C:\Users\Alvaro\.m2\repository\com\google\code\gson\gson\2.10.1\gson-2.10.1.jar;C:\Users\Alvaro\.m2\repository\com\fasterxml\jackson\core\jackson-core\2.15.0-rc1\jackson-core-2.15.0-rc1.jar;C:\Users\Alvaro\.m2\repository\com\fasterxml\jackson\core\jackson-databind\2.15.0-rc1\jackson-databind-2.15.0-rc1.jar;C:\Users\Alvaro\.m2\repository\com\fasterxml\jackson\core\jackson-annotations\2.15.0-rc1\jackson-annotations-2.15.0-rc1.jar;C:\Users\Alvaro\.m2\repository\commons-codec\commons-codec\1.15\commons-codec-1.15.jar;C:\Users\Alvaro\.m2\repository\commons-io\commons-io\2.11.0\commons-io-2.11.0.jar;C:\Users\Alvaro\.m2\repository\org\apache\httpcomponents\httpclient\4.5.13\httpclient-4.5.13.jar;C:\Users\Alvaro\.m2\repository\org\apache\httpcomponents\httpcore\4.4.13\httpcore-4.4.13.jar;C:\Users\Alvaro\.m2\repository\commons-logging\commons-logging\1.2\commons-logging-1.2.jar;C:\Users\Alvaro\.m2\repository\org\projectlombok\lombok\1.18.20\lombok-1.18.20.jar;C:\Users\Alvaro\.m2\repository\org\htmlunit\htmlunit\3.0.0\htmlunit-3.0.0.jar;C:\Users\Alvaro\.m2\repository\org\apache\httpcomponents\httpmime\4.5.14\httpmime-4.5.14.jar;C:\Users\Alvaro\.m2\repository\org\htmlunit\htmlunit-core-js\3.0.0\htmlunit-core-js-3.0.0.jar;C:\Users\Alvaro\.m2\repository\org\htmlunit\neko-htmlunit\3.0.0\neko-htmlunit-3.0.0.jar;C:\Users\Alvaro\.m2\repository\org\htmlunit\htmlunit-cssparser\3.0.0\htmlunit-cssparser-3.0.0.jar;C:\Users\Alvaro\.m2\repository\org\htmlunit\htmlunit-xpath\3.0.0\htmlunit-xpath-3.0.0.jar;C:\Users\Alvaro\.m2\repository\org\brotli\dec\0.1.2\dec-0.1.2.jar;C:\Users\Alvaro\.m2\repository\com\shapesecurity\salvation2\3.0.1\salvation2-3.0.1.jar;C:\Users\Alvaro\.m2\repository\org\eclipse\jetty\websocket\websocket-client\9.4.51.v20230217\websocket-client-9.4.51.v20230217.jar;C:\Users\Alvaro\.m2\repository\org\eclipse\jetty\jetty-client\9.4.51.v20230217\jetty-client-9.4.51.v20230217.jar;C:\Users\Alvaro\.m2\repository\org\eclipse\jetty\jetty-http\9.4.51.v20230217\jetty-http-9.4.51.v20230217.jar;C:\Users\Alvaro\.m2\repository\org\eclipse\jetty\jetty-util\9.4.51.v20230217\jetty-util-9.4.51.v20230217.jar;C:\Users\Alvaro\.m2\repository\org\eclipse\jetty\jetty-io\9.4.51.v20230217\jetty-io-9.4.51.v20230217.jar;C:\Users\Alvaro\.m2\repository\org\eclipse\jetty\websocket\websocket-common\9.4.51.v20230217\websocket-common-9.4.51.v20230217.jar;C:\Users\Alvaro\.m2\repository\org\eclipse\jetty\websocket\websocket-api\9.4.51.v20230217\websocket-api-9.4.51.v20230217.jar;C:\Users\Alvaro\.m2\repository\org\seleniumhq\selenium\htmlunit3-driver\4.10.0\htmlunit3-driver-4.10.0.jar;C:\Users\Alvaro\.m2\repository\io\appium\java-client\8.3.0\java-client-8.3.0.jar;C:\Users\Alvaro\.m2\repository\commons-validator\commons-validator\1.7\commons-validator-1.7.jar;C:\Users\Alvaro\.m2\repository\commons-digester\commons-digester\2.1\commons-digester-2.1.jar;C:\Users\Alvaro\.m2\repository\org\apache\groovy\groovy\4.0.10\groovy-4.0.10.jar;C:\Users\Alvaro\.m2\repository\net\sf\opencsv\opencsv\2.0\opencsv-2.0.jar;C:\Users\Alvaro\.m2\repository\commons-beanutils\commons-beanutils\1.9.4\commons-beanutils-1.9.4.jar;C:\Users\Alvaro\.m2\repository\org\apache\commons\commons-lang3\3.12.0\commons-lang3-3.12.0.jar;C:\Users\Alvaro\.m2\repository\commons-collections\commons-collections\3.2.2\commons-collections-3.2.2.jar;C:\Users\Alvaro\.m2\repository\org\fluentlenium\fluentlenium-core\0.10.2\fluentlenium-core-0.10.2.jar;C:\Users\Alvaro\.m2\repository\io\github\bonigarcia\webdrivermanager\5.3.2\webdrivermanager-5.3.2.jar;C:\Users\Alvaro\.m2\repository\com\github\docker-java\docker-java\3.2.14\docker-java-3.2.14.jar;C:\Users\Alvaro\.m2\repository\com\github\docker-java\docker-java-core\3.2.14\docker-java-core-3.2.14.jar;C:\Users\Alvaro\.m2\repository\com\github\docker-java\docker-java-api\3.2.14\docker-java-api-3.2.14.jar;C:\Users\Alvaro\.m2\repository\org\apache\commons\commons-compress\1.21\commons-compress-1.21.jar;C:\Users\Alvaro\.m2\repository\org\bouncycastle\bcpkix-jdk15on\1.64\bcpkix-jdk15on-1.64.jar;C:\Users\Alvaro\.m2\repository\org\bouncycastle\bcprov-jdk15on\1.64\bcprov-jdk15on-1.64.jar;C:\Users\Alvaro\.m2\repository\org\slf4j\jcl-over-slf4j\1.7.30\jcl-over-slf4j-1.7.30.jar;C:\Users\Alvaro\.m2\repository\com\github\docker-java\docker-java-transport-httpclient5\3.2.14\docker-java-transport-httpclient5-3.2.14.jar;C:\Users\Alvaro\.m2\repository\com\github\docker-java\docker-java-transport\3.2.14\docker-java-transport-3.2.14.jar;C:\Users\Alvaro\.m2\repository\net\java\dev\jna\jna\5.12.1\jna-5.12.1.jar;C:\Users\Alvaro\.m2\repository\org\apache\httpcomponents\client5\httpclient5\5.2.1\httpclient5-5.2.1.jar;C:\Users\Alvaro\.m2\repository\org\apache\httpcomponents\core5\httpcore5\5.2\httpcore5-5.2.jar;C:\Users\Alvaro\.m2\repository\org\apache\httpcomponents\core5\httpcore5-h2\5.2\httpcore5-h2-5.2.jar;C:\Users\Alvaro\.m2\repository\com\jhlabs\filters\2.0.235\filters-2.0.235.jar;C:\Users\Alvaro\.m2\repository\com\paulhammant\ngwebdriver\1.1.6\ngwebdriver-1.1.6.jar;C:\Users\Alvaro\.m2\repository\joda-time\joda-time\2.12.2\joda-time-2.12.2.jar;C:\Users\Alvaro\.m2\repository\org\hamcrest\hamcrest\2.2\hamcrest-2.2.jar;C:\Users\Alvaro\.m2\repository\com\google\jimfs\jimfs\1.2\jimfs-1.2.jar;C:\Users\Alvaro\.m2\repository\org\mockito\mockito-core\3.3.3\mockito-core-3.3.3.jar;C:\Users\Alvaro\.m2\repository\org\assertj\assertj-core\3.24.2\assertj-core-3.24.2.jar;C:\Users\Alvaro\.m2\repository\javax\xml\bind\jaxb-api\2.3.1\jaxb-api-2.3.1.jar;C:\Users\Alvaro\.m2\repository\javax\activation\javax.activation-api\1.2.0\javax.activation-api-1.2.0.jar;C:\Users\Alvaro\.m2\repository\com\sun\xml\bind\jaxb-core\2.3.0.1\jaxb-core-2.3.0.1.jar;C:\Users\Alvaro\.m2\repository\com\sun\xml\bind\jaxb-impl\2.3.3\jaxb-impl-2.3.3.jar;C:\Users\Alvaro\.m2\repository\com\sun\activation\jakarta.activation\1.2.2\jakarta.activation-1.2.2.jar;C:\Users\Alvaro\.m2\repository\javax\activation\activation\1.1.1\activation-1.1.1.jar;C:\Users\Alvaro\.m2\repository\net\serenity-bdd\serenity-junit\3.9.8\serenity-junit-3.9.8.jar;C:\Users\Alvaro\.m2\repository\jakarta\xml\bind\jakarta.xml.bind-api\4.0.0\jakarta.xml.bind-api-4.0.0.jar;C:\Users\Alvaro\.m2\repository\jakarta\activation\jakarta.activation-api\2.1.0\jakarta.activation-api-2.1.0.jar;C:\Users\Alvaro\.m2\repository\net\serenity-bdd\serenity-cucumber\3.9.8\serenity-cucumber-3.9.8.jar;C:\Users\Alvaro\.m2\repository\net\serenity-bdd\serenity-screenplay\3.9.8\serenity-screenplay-3.9.8.jar;C:\Users\Alvaro\.m2\repository\net\serenity-bdd\serenity-screenplay-webdriver\3.9.8\serenity-screenplay-webdriver-3.9.8.jar;C:\Users\Alvaro\.m2\repository\org\apache\commons\commons-csv\1.5\commons-csv-1.5.jar;C:\Users\Alvaro\.m2\repository\ch\qos\logback\logback-classic\1.4.14\logback-classic-1.4.14.jar;C:\Users\Alvaro\.m2\repository\ch\qos\logback\logback-core\1.4.14\logback-core-1.4.14.jar;C:\Users\Alvaro\.m2\repository\org\slf4j\slf4j-api\2.0.7\slf4j-api-2.0.7.jar;"/>
    <property name="java.vm.vendor" value="Oracle Corporation"/>
    <property name="sun.arch.data.model" value="64"/>
    <property name="user.variant" value=""/>
    <property name="java.vendor.url" value="https://java.oracle.com/"/>
    <property name="user.timezone" value="America/Bogota"/>
    <property name="os.name" value="Windows 11"/>
    <property name="java.vm.specification.version" value="24"/>
    <property name="sun.java.launcher" value="SUN_STANDARD"/>
    <property name="user.country" value="CO"/>
    <property name="sun.boot.library.path" value="C:\Program Files\Java\jdk-24\bin"/>
    <property name="sun.java.command" value="C:\Users\Alvaro\AppData\Local\Temp\surefire13751458493226520167\surefirebooter-20250813133739560_3.jar C:\Users\Alvaro\AppData\Local\Temp\surefire13751458493226520167 2025-08-13T13-37-39_449-jvmRun1 surefire-20250813133739560_1tmp surefire_0-20250813133739560_2tmp"/>
    <property name="jdk.debug" value="release"/>
    <property name="test" value="com.automationexercise2.runners.LoginPage"/>
    <property name="surefire.test.class.path" value="C:\Users\Alvaro\eclipse-workspace\automationexercise2\target\test-classes;C:\Users\Alvaro\eclipse-workspace\automationexercise2\target\classes;C:\Users\Alvaro\.m2\repository\org\seleniumhq\selenium\selenium-java\4.21.0\selenium-java-4.21.0.jar;C:\Users\Alvaro\.m2\repository\org\seleniumhq\selenium\selenium-api\4.21.0\selenium-api-4.21.0.jar;C:\Users\Alvaro\.m2\repository\org\seleniumhq\selenium\selenium-chrome-driver\4.21.0\selenium-chrome-driver-4.21.0.jar;C:\Users\Alvaro\.m2\repository\com\google\auto\service\auto-service-annotations\1.1.1\auto-service-annotations-1.1.1.jar;C:\Users\Alvaro\.m2\repository\org\seleniumhq\selenium\selenium-chromium-driver\4.21.0\selenium-chromium-driver-4.21.0.jar;C:\Users\Alvaro\.m2\repository\org\seleniumhq\selenium\selenium-json\4.21.0\selenium-json-4.21.0.jar;C:\Users\Alvaro\.m2\repository\org\seleniumhq\selenium\selenium-manager\4.21.0\selenium-manager-4.21.0.jar;C:\Users\Alvaro\.m2\repository\org\seleniumhq\selenium\selenium-devtools-v123\4.21.0\selenium-devtools-v123-4.21.0.jar;C:\Users\Alvaro\.m2\repository\org\seleniumhq\selenium\selenium-devtools-v124\4.21.0\selenium-devtools-v124-4.21.0.jar;C:\Users\Alvaro\.m2\repository\org\seleniumhq\selenium\selenium-devtools-v125\4.21.0\selenium-devtools-v125-4.21.0.jar;C:\Users\Alvaro\.m2\repository\org\seleniumhq\selenium\selenium-devtools-v85\4.21.0\selenium-devtools-v85-4.21.0.jar;C:\Users\Alvaro\.m2\repository\org\seleniumhq\selenium\selenium-edge-driver\4.21.0\selenium-edge-driver-4.21.0.jar;C:\Users\Alvaro\.m2\repository\org\seleniumhq\selenium\selenium-firefox-driver\4.21.0\selenium-firefox-driver-4.21.0.jar;C:\Users\Alvaro\.m2\repository\org\seleniumhq\selenium\selenium-http\4.21.0\selenium-http-4.21.0.jar;C:\Users\Alvaro\.m2\repository\dev\failsafe\failsafe\3.3.2\failsafe-3.3.2.jar;C:\Users\Alvaro\.m2\repository\org\seleniumhq\selenium\selenium-ie-driver\4.21.0\selenium-ie-driver-4.21.0.jar;C:\Users\Alvaro\.m2\repository\org\seleniumhq\selenium\selenium-remote-driver\4.21.0\selenium-remote-driver-4.21.0.jar;C:\Users\Alvaro\.m2\repository\com\google\guava\guava\33.2.0-jre\guava-33.2.0-jre.jar;C:\Users\Alvaro\.m2\repository\com\google\guava\failureaccess\1.0.2\failureaccess-1.0.2.jar;C:\Users\Alvaro\.m2\repository\com\google\guava\listenablefuture\9999.0-empty-to-avoid-conflict-with-guava\listenablefuture-9999.0-empty-to-avoid-conflict-with-guava.jar;C:\Users\Alvaro\.m2\repository\com\google\code\findbugs\jsr305\3.0.2\jsr305-3.0.2.jar;C:\Users\Alvaro\.m2\repository\org\checkerframework\checker-qual\3.42.0\checker-qual-3.42.0.jar;C:\Users\Alvaro\.m2\repository\com\google\errorprone\error_prone_annotations\2.26.1\error_prone_annotations-2.26.1.jar;C:\Users\Alvaro\.m2\repository\com\google\j2objc\j2objc-annotations\3.0.0\j2objc-annotations-3.0.0.jar;C:\Users\Alvaro\.m2\repository\io\opentelemetry\semconv\opentelemetry-semconv\1.25.0-alpha\opentelemetry-semconv-1.25.0-alpha.jar;C:\Users\Alvaro\.m2\repository\io\opentelemetry\opentelemetry-api\1.38.0\opentelemetry-api-1.38.0.jar;C:\Users\Alvaro\.m2\repository\io\opentelemetry\opentelemetry-context\1.38.0\opentelemetry-context-1.38.0.jar;C:\Users\Alvaro\.m2\repository\io\opentelemetry\opentelemetry-exporter-logging\1.38.0\opentelemetry-exporter-logging-1.38.0.jar;C:\Users\Alvaro\.m2\repository\io\opentelemetry\opentelemetry-sdk-common\1.38.0\opentelemetry-sdk-common-1.38.0.jar;C:\Users\Alvaro\.m2\repository\io\opentelemetry\opentelemetry-sdk-extension-autoconfigure-spi\1.38.0\opentelemetry-sdk-extension-autoconfigure-spi-1.38.0.jar;C:\Users\Alvaro\.m2\repository\io\opentelemetry\opentelemetry-sdk-extension-autoconfigure\1.38.0\opentelemetry-sdk-extension-autoconfigure-1.38.0.jar;C:\Users\Alvaro\.m2\repository\io\opentelemetry\opentelemetry-api-incubator\1.38.0-alpha\opentelemetry-api-incubator-1.38.0-alpha.jar;C:\Users\Alvaro\.m2\repository\io\opentelemetry\opentelemetry-sdk-trace\1.38.0\opentelemetry-sdk-trace-1.38.0.jar;C:\Users\Alvaro\.m2\repository\io\opentelemetry\opentelemetry-sdk\1.38.0\opentelemetry-sdk-1.38.0.jar;C:\Users\Alvaro\.m2\repository\io\opentelemetry\opentelemetry-sdk-metrics\1.38.0\opentelemetry-sdk-metrics-1.38.0.jar;C:\Users\Alvaro\.m2\repository\io\opentelemetry\opentelemetry-sdk-logs\1.38.0\opentelemetry-sdk-logs-1.38.0.jar;C:\Users\Alvaro\.m2\repository\net\bytebuddy\byte-buddy\1.14.15\byte-buddy-1.14.15.jar;C:\Users\Alvaro\.m2\repository\org\seleniumhq\selenium\selenium-os\4.21.0\selenium-os-4.21.0.jar;C:\Users\Alvaro\.m2\repository\org\apache\commons\commons-exec\1.4.0\commons-exec-1.4.0.jar;C:\Users\Alvaro\.m2\repository\org\seleniumhq\selenium\selenium-safari-driver\4.21.0\selenium-safari-driver-4.21.0.jar;C:\Users\Alvaro\.m2\repository\org\seleniumhq\selenium\selenium-support\4.21.0\selenium-support-4.21.0.jar;C:\Users\Alvaro\.m2\repository\junit\junit\4.13.2\junit-4.13.2.jar;C:\Users\Alvaro\.m2\repository\org\hamcrest\hamcrest-core\1.3\hamcrest-core-1.3.jar;C:\Users\Alvaro\.m2\repository\io\cucumber\cucumber-java\7.23.0\cucumber-java-7.23.0.jar;C:\Users\Alvaro\.m2\repository\io\cucumber\cucumber-core\7.23.0\cucumber-core-7.23.0.jar;C:\Users\Alvaro\.m2\repository\io\cucumber\cucumber-gherkin\7.23.0\cucumber-gherkin-7.23.0.jar;C:\Users\Alvaro\.m2\repository\io\cucumber\cucumber-gherkin-messages\7.23.0\cucumber-gherkin-messages-7.23.0.jar;C:\Users\Alvaro\.m2\repository\io\cucumber\gherkin\32.1.1\gherkin-32.1.1.jar;C:\Users\Alvaro\.m2\repository\io\cucumber\messages\27.2.0\messages-27.2.0.jar;C:\Users\Alvaro\.m2\repository\io\cucumber\testng-xml-formatter\0.3.1\testng-xml-formatter-0.3.1.jar;C:\Users\Alvaro\.m2\repository\io\cucumber\query\13.6.0\query-13.6.0.jar;C:\Users\Alvaro\.m2\repository\io\cucumber\tag-expressions\6.1.2\tag-expressions-6.1.2.jar;C:\Users\Alvaro\.m2\repository\io\cucumber\cucumber-expressions\18.0.1\cucumber-expressions-18.0.1.jar;C:\Users\Alvaro\.m2\repository\io\cucumber\datatable\7.23.0\datatable-7.23.0.jar;C:\Users\Alvaro\.m2\repository\io\cucumber\cucumber-plugin\7.23.0\cucumber-plugin-7.23.0.jar;C:\Users\Alvaro\.m2\repository\io\cucumber\docstring\7.23.0\docstring-7.23.0.jar;C:\Users\Alvaro\.m2\repository\io\cucumber\html-formatter\21.10.1\html-formatter-21.10.1.jar;C:\Users\Alvaro\.m2\repository\io\cucumber\junit-xml-formatter\0.7.1\junit-xml-formatter-0.7.1.jar;C:\Users\Alvaro\.m2\repository\io\cucumber\ci-environment\10.0.1\ci-environment-10.0.1.jar;C:\Users\Alvaro\.m2\repository\org\apiguardian\apiguardian-api\1.1.2\apiguardian-api-1.1.2.jar;C:\Users\Alvaro\.m2\repository\io\cucumber\cucumber-junit\7.23.0\cucumber-junit-7.23.0.jar;C:\Users\Alvaro\.m2\repository\net\serenity-bdd\serenity-core\3.9.8\serenity-core-3.9.8.jar;C:\Users\Alvaro\.m2\repository\net\serenity-bdd\serenity-model\3.9.8\serenity-model-3.9.8.jar;C:\Users\Alvaro\.m2\repository\org\apache\commons\commons-text\1.10.0\commons-text-1.10.0.jar;C:\Users\Alvaro\.m2\repository\commons-net\commons-net\3.9.0\commons-net-3.9.0.jar;C:\Users\Alvaro\.m2\repository\org\jsoup\jsoup\1.15.4\jsoup-1.15.4.jar;C:\Users\Alvaro\.m2\repository\com\thoughtworks\xstream\xstream\1.4.20\xstream-1.4.20.jar;C:\Users\Alvaro\.m2\repository\io\github\x-stream\mxparser\1.2.2\mxparser-1.2.2.jar;C:\Users\Alvaro\.m2\repository\xmlpull\xmlpull\1.1.3.1\xmlpull-1.1.3.1.jar;C:\Users\Alvaro\.m2\repository\com\typesafe\config\1.4.2\config-1.4.2.jar;C:\Users\Alvaro\.m2\repository\org\imgscalr\imgscalr-lib\4.2\imgscalr-lib-4.2.jar;C:\Users\Alvaro\.m2\repository\org\awaitility\awaitility\4.2.0\awaitility-4.2.0.jar;C:\Users\Alvaro\.m2\repository\org\freemarker\freemarker\2.3.31\freemarker-2.3.31.jar;C:\Users\Alvaro\.m2\repository\io\github\classgraph\classgraph\4.8.157\classgraph-4.8.157.jar;C:\Users\Alvaro\.m2\repository\com\github\ben-manes\caffeine\caffeine\2.9.2\caffeine-2.9.2.jar;C:\Users\Alvaro\.m2\repository\org\ehcache\ehcache\3.10.8\ehcache-3.10.8.jar;C:\Users\Alvaro\.m2\repository\javax\cache\cache-api\1.1.0\cache-api-1.1.0.jar;C:\Users\Alvaro\.m2\repository\net\sourceforge\jexcelapi\jxl\2.6.12\jxl-2.6.12.jar;C:\Users\Alvaro\.m2\repository\net\bytebuddy\byte-buddy-agent\1.14.4\byte-buddy-agent-1.14.4.jar;C:\Users\Alvaro\.m2\repository\org\objenesis\objenesis\3.3\objenesis-3.3.jar;C:\Users\Alvaro\.m2\repository\com\vladsch\flexmark\flexmark-all\0.62.2\flexmark-all-0.62.2.jar;C:\Users\Alvaro\.m2\repository\com\vladsch\flexmark\flexmark\0.62.2\flexmark-0.62.2.jar;C:\Users\Alvaro\.m2\repository\com\vladsch\flexmark\flexmark-ext-abbreviation\0.62.2\flexmark-ext-abbreviation-0.62.2.jar;C:\Users\Alvaro\.m2\repository\com\vladsch\flexmark\flexmark-util\0.62.2\flexmark-util-0.62.2.jar;C:\Users\Alvaro\.m2\repository\com\vladsch\flexmark\flexmark-ext-admonition\0.62.2\flexmark-ext-admonition-0.62.2.jar;C:\Users\Alvaro\.m2\repository\com\vladsch\flexmark\flexmark-ext-anchorlink\0.62.2\flexmark-ext-anchorlink-0.62.2.jar;C:\Users\Alvaro\.m2\repository\com\vladsch\flexmark\flexmark-ext-aside\0.62.2\flexmark-ext-aside-0.62.2.jar;C:\Users\Alvaro\.m2\repository\com\vladsch\flexmark\flexmark-ext-attributes\0.62.2\flexmark-ext-attributes-0.62.2.jar;C:\Users\Alvaro\.m2\repository\com\vladsch\flexmark\flexmark-ext-autolink\0.62.2\flexmark-ext-autolink-0.62.2.jar;C:\Users\Alvaro\.m2\repository\org\nibor\autolink\autolink\0.6.0\autolink-0.6.0.jar;C:\Users\Alvaro\.m2\repository\com\vladsch\flexmark\flexmark-ext-definition\0.62.2\flexmark-ext-definition-0.62.2.jar;C:\Users\Alvaro\.m2\repository\com\vladsch\flexmark\flexmark-ext-emoji\0.62.2\flexmark-ext-emoji-0.62.2.jar;C:\Users\Alvaro\.m2\repository\com\vladsch\flexmark\flexmark-ext-enumerated-reference\0.62.2\flexmark-ext-enumerated-reference-0.62.2.jar;C:\Users\Alvaro\.m2\repository\com\vladsch\flexmark\flexmark-ext-escaped-character\0.62.2\flexmark-ext-escaped-character-0.62.2.jar;C:\Users\Alvaro\.m2\repository\com\vladsch\flexmark\flexmark-ext-footnotes\0.62.2\flexmark-ext-footnotes-0.62.2.jar;C:\Users\Alvaro\.m2\repository\com\vladsch\flexmark\flexmark-ext-gfm-issues\0.62.2\flexmark-ext-gfm-issues-0.62.2.jar;C:\Users\Alvaro\.m2\repository\com\vladsch\flexmark\flexmark-ext-gfm-strikethrough\0.62.2\flexmark-ext-gfm-strikethrough-0.62.2.jar;C:\Users\Alvaro\.m2\repository\com\vladsch\flexmark\flexmark-ext-gfm-tasklist\0.62.2\flexmark-ext-gfm-tasklist-0.62.2.jar;C:\Users\Alvaro\.m2\repository\com\vladsch\flexmark\flexmark-ext-gfm-users\0.62.2\flexmark-ext-gfm-users-0.62.2.jar;C:\Users\Alvaro\.m2\repository\com\vladsch\flexmark\flexmark-ext-gitlab\0.62.2\flexmark-ext-gitlab-0.62.2.jar;C:\Users\Alvaro\.m2\repository\com\vladsch\flexmark\flexmark-ext-jekyll-front-matter\0.62.2\flexmark-ext-jekyll-front-matter-0.62.2.jar;C:\Users\Alvaro\.m2\repository\com\vladsch\flexmark\flexmark-ext-jekyll-tag\0.62.2\flexmark-ext-jekyll-tag-0.62.2.jar;C:\Users\Alvaro\.m2\repository\com\vladsch\flexmark\flexmark-ext-media-tags\0.62.2\flexmark-ext-media-tags-0.62.2.jar;C:\Users\Alvaro\.m2\repository\com\vladsch\flexmark\flexmark-ext-macros\0.62.2\flexmark-ext-macros-0.62.2.jar;C:\Users\Alvaro\.m2\repository\com\vladsch\flexmark\flexmark-ext-ins\0.62.2\flexmark-ext-ins-0.62.2.jar;C:\Users\Alvaro\.m2\repository\com\vladsch\flexmark\flexmark-ext-xwiki-macros\0.62.2\flexmark-ext-xwiki-macros-0.62.2.jar;C:\Users\Alvaro\.m2\repository\com\vladsch\flexmark\flexmark-ext-superscript\0.62.2\flexmark-ext-superscript-0.62.2.jar;C:\Users\Alvaro\.m2\repository\com\vladsch\flexmark\flexmark-ext-tables\0.62.2\flexmark-ext-tables-0.62.2.jar;C:\Users\Alvaro\.m2\repository\com\vladsch\flexmark\flexmark-ext-toc\0.62.2\flexmark-ext-toc-0.62.2.jar;C:\Users\Alvaro\.m2\repository\com\vladsch\flexmark\flexmark-ext-typographic\0.62.2\flexmark-ext-typographic-0.62.2.jar;C:\Users\Alvaro\.m2\repository\com\vladsch\flexmark\flexmark-ext-wikilink\0.62.2\flexmark-ext-wikilink-0.62.2.jar;C:\Users\Alvaro\.m2\repository\com\vladsch\flexmark\flexmark-ext-yaml-front-matter\0.62.2\flexmark-ext-yaml-front-matter-0.62.2.jar;C:\Users\Alvaro\.m2\repository\com\vladsch\flexmark\flexmark-ext-youtube-embedded\0.62.2\flexmark-ext-youtube-embedded-0.62.2.jar;C:\Users\Alvaro\.m2\repository\com\vladsch\flexmark\flexmark-html2md-converter\0.62.2\flexmark-html2md-converter-0.62.2.jar;C:\Users\Alvaro\.m2\repository\com\vladsch\flexmark\flexmark-jira-converter\0.62.2\flexmark-jira-converter-0.62.2.jar;C:\Users\Alvaro\.m2\repository\com\vladsch\flexmark\flexmark-pdf-converter\0.62.2\flexmark-pdf-converter-0.62.2.jar;C:\Users\Alvaro\.m2\repository\com\openhtmltopdf\openhtmltopdf-core\1.0.0\openhtmltopdf-core-1.0.0.jar;C:\Users\Alvaro\.m2\repository\com\openhtmltopdf\openhtmltopdf-pdfbox\1.0.0\openhtmltopdf-pdfbox-1.0.0.jar;C:\Users\Alvaro\.m2\repository\org\apache\pdfbox\pdfbox\2.0.16\pdfbox-2.0.16.jar;C:\Users\Alvaro\.m2\repository\org\apache\pdfbox\fontbox\2.0.16\fontbox-2.0.16.jar;C:\Users\Alvaro\.m2\repository\org\apache\pdfbox\xmpbox\2.0.16\xmpbox-2.0.16.jar;C:\Users\Alvaro\.m2\repository\de\rototor\pdfbox\graphics2d\0.24\graphics2d-0.24.jar;C:\Users\Alvaro\.m2\repository\com\openhtmltopdf\openhtmltopdf-rtl-support\1.0.0\openhtmltopdf-rtl-support-1.0.0.jar;C:\Users\Alvaro\.m2\repository\com\openhtmltopdf\openhtmltopdf-jsoup-dom-converter\1.0.0\openhtmltopdf-jsoup-dom-converter-1.0.0.jar;C:\Users\Alvaro\.m2\repository\com\vladsch\flexmark\flexmark-profile-pegdown\0.62.2\flexmark-profile-pegdown-0.62.2.jar;C:\Users\Alvaro\.m2\repository\com\vladsch\flexmark\flexmark-util-ast\0.62.2\flexmark-util-ast-0.62.2.jar;C:\Users\Alvaro\.m2\repository\org\jetbrains\annotations\15.0\annotations-15.0.jar;C:\Users\Alvaro\.m2\repository\com\vladsch\flexmark\flexmark-util-builder\0.62.2\flexmark-util-builder-0.62.2.jar;C:\Users\Alvaro\.m2\repository\com\vladsch\flexmark\flexmark-util-collection\0.62.2\flexmark-util-collection-0.62.2.jar;C:\Users\Alvaro\.m2\repository\com\vladsch\flexmark\flexmark-util-data\0.62.2\flexmark-util-data-0.62.2.jar;C:\Users\Alvaro\.m2\repository\com\vladsch\flexmark\flexmark-util-dependency\0.62.2\flexmark-util-dependency-0.62.2.jar;C:\Users\Alvaro\.m2\repository\com\vladsch\flexmark\flexmark-util-format\0.62.2\flexmark-util-format-0.62.2.jar;C:\Users\Alvaro\.m2\repository\com\vladsch\flexmark\flexmark-util-html\0.62.2\flexmark-util-html-0.62.2.jar;C:\Users\Alvaro\.m2\repository\com\vladsch\flexmark\flexmark-util-misc\0.62.2\flexmark-util-misc-0.62.2.jar;C:\Users\Alvaro\.m2\repository\com\vladsch\flexmark\flexmark-util-options\0.62.2\flexmark-util-options-0.62.2.jar;C:\Users\Alvaro\.m2\repository\com\vladsch\flexmark\flexmark-util-sequence\0.62.2\flexmark-util-sequence-0.62.2.jar;C:\Users\Alvaro\.m2\repository\com\vladsch\flexmark\flexmark-util-visitor\0.62.2\flexmark-util-visitor-0.62.2.jar;C:\Users\Alvaro\.m2\repository\com\vladsch\flexmark\flexmark-youtrack-converter\0.62.2\flexmark-youtrack-converter-0.62.2.jar;C:\Users\Alvaro\.m2\repository\net\serenity-bdd\serenity-reports\3.9.8\serenity-reports-3.9.8.jar;C:\Users\Alvaro\.m2\repository\net\serenity-bdd\serenity-stats\3.9.8\serenity-stats-3.9.8.jar;C:\Users\Alvaro\.m2\repository\org\jetbrains\kotlin\kotlin-stdlib\1.9.0\kotlin-stdlib-1.9.0.jar;C:\Users\Alvaro\.m2\repository\org\jetbrains\kotlin\kotlin-stdlib-common\1.9.0\kotlin-stdlib-common-1.9.0.jar;C:\Users\Alvaro\.m2\repository\net\serenity-bdd\serenity-reports-configuration\3.9.8\serenity-reports-configuration-3.9.8.jar;C:\Users\Alvaro\.m2\repository\com\ibm\icu\icu4j\72.1\icu4j-72.1.jar;C:\Users\Alvaro\.m2\repository\es\nitaur\markdown\txtmark\0.16\txtmark-0.16.jar;C:\Users\Alvaro\.m2\repository\net\serenity-bdd\serenity-report-resources\3.9.8\serenity-report-resources-3.9.8.jar;C:\Users\Alvaro\.m2\repository\com\google\code\gson\gson\2.10.1\gson-2.10.1.jar;C:\Users\Alvaro\.m2\repository\com\fasterxml\jackson\core\jackson-core\2.15.0-rc1\jackson-core-2.15.0-rc1.jar;C:\Users\Alvaro\.m2\repository\com\fasterxml\jackson\core\jackson-databind\2.15.0-rc1\jackson-databind-2.15.0-rc1.jar;C:\Users\Alvaro\.m2\repository\com\fasterxml\jackson\core\jackson-annotations\2.15.0-rc1\jackson-annotations-2.15.0-rc1.jar;C:\Users\Alvaro\.m2\repository\commons-codec\commons-codec\1.15\commons-codec-1.15.jar;C:\Users\Alvaro\.m2\repository\commons-io\commons-io\2.11.0\commons-io-2.11.0.jar;C:\Users\Alvaro\.m2\repository\org\apache\httpcomponents\httpclient\4.5.13\httpclient-4.5.13.jar;C:\Users\Alvaro\.m2\repository\org\apache\httpcomponents\httpcore\4.4.13\httpcore-4.4.13.jar;C:\Users\Alvaro\.m2\repository\commons-logging\commons-logging\1.2\commons-logging-1.2.jar;C:\Users\Alvaro\.m2\repository\org\projectlombok\lombok\1.18.20\lombok-1.18.20.jar;C:\Users\Alvaro\.m2\repository\org\htmlunit\htmlunit\3.0.0\htmlunit-3.0.0.jar;C:\Users\Alvaro\.m2\repository\org\apache\httpcomponents\httpmime\4.5.14\httpmime-4.5.14.jar;C:\Users\Alvaro\.m2\repository\org\htmlunit\htmlunit-core-js\3.0.0\htmlunit-core-js-3.0.0.jar;C:\Users\Alvaro\.m2\repository\org\htmlunit\neko-htmlunit\3.0.0\neko-htmlunit-3.0.0.jar;C:\Users\Alvaro\.m2\repository\org\htmlunit\htmlunit-cssparser\3.0.0\htmlunit-cssparser-3.0.0.jar;C:\Users\Alvaro\.m2\repository\org\htmlunit\htmlunit-xpath\3.0.0\htmlunit-xpath-3.0.0.jar;C:\Users\Alvaro\.m2\repository\org\brotli\dec\0.1.2\dec-0.1.2.jar;C:\Users\Alvaro\.m2\repository\com\shapesecurity\salvation2\3.0.1\salvation2-3.0.1.jar;C:\Users\Alvaro\.m2\repository\org\eclipse\jetty\websocket\websocket-client\9.4.51.v20230217\websocket-client-9.4.51.v20230217.jar;C:\Users\Alvaro\.m2\repository\org\eclipse\jetty\jetty-client\9.4.51.v20230217\jetty-client-9.4.51.v20230217.jar;C:\Users\Alvaro\.m2\repository\org\eclipse\jetty\jetty-http\9.4.51.v20230217\jetty-http-9.4.51.v20230217.jar;C:\Users\Alvaro\.m2\repository\org\eclipse\jetty\jetty-util\9.4.51.v20230217\jetty-util-9.4.51.v20230217.jar;C:\Users\Alvaro\.m2\repository\org\eclipse\jetty\jetty-io\9.4.51.v20230217\jetty-io-9.4.51.v20230217.jar;C:\Users\Alvaro\.m2\repository\org\eclipse\jetty\websocket\websocket-common\9.4.51.v20230217\websocket-common-9.4.51.v20230217.jar;C:\Users\Alvaro\.m2\repository\org\eclipse\jetty\websocket\websocket-api\9.4.51.v20230217\websocket-api-9.4.51.v20230217.jar;C:\Users\Alvaro\.m2\repository\org\seleniumhq\selenium\htmlunit3-driver\4.10.0\htmlunit3-driver-4.10.0.jar;C:\Users\Alvaro\.m2\repository\io\appium\java-client\8.3.0\java-client-8.3.0.jar;C:\Users\Alvaro\.m2\repository\commons-validator\commons-validator\1.7\commons-validator-1.7.jar;C:\Users\Alvaro\.m2\repository\commons-digester\commons-digester\2.1\commons-digester-2.1.jar;C:\Users\Alvaro\.m2\repository\org\apache\groovy\groovy\4.0.10\groovy-4.0.10.jar;C:\Users\Alvaro\.m2\repository\net\sf\opencsv\opencsv\2.0\opencsv-2.0.jar;C:\Users\Alvaro\.m2\repository\commons-beanutils\commons-beanutils\1.9.4\commons-beanutils-1.9.4.jar;C:\Users\Alvaro\.m2\repository\org\apache\commons\commons-lang3\3.12.0\commons-lang3-3.12.0.jar;C:\Users\Alvaro\.m2\repository\commons-collections\commons-collections\3.2.2\commons-collections-3.2.2.jar;C:\Users\Alvaro\.m2\repository\org\fluentlenium\fluentlenium-core\0.10.2\fluentlenium-core-0.10.2.jar;C:\Users\Alvaro\.m2\repository\io\github\bonigarcia\webdrivermanager\5.3.2\webdrivermanager-5.3.2.jar;C:\Users\Alvaro\.m2\repository\com\github\docker-java\docker-java\3.2.14\docker-java-3.2.14.jar;C:\Users\Alvaro\.m2\repository\com\github\docker-java\docker-java-core\3.2.14\docker-java-core-3.2.14.jar;C:\Users\Alvaro\.m2\repository\com\github\docker-java\docker-java-api\3.2.14\docker-java-api-3.2.14.jar;C:\Users\Alvaro\.m2\repository\org\apache\commons\commons-compress\1.21\commons-compress-1.21.jar;C:\Users\Alvaro\.m2\repository\org\bouncycastle\bcpkix-jdk15on\1.64\bcpkix-jdk15on-1.64.jar;C:\Users\Alvaro\.m2\repository\org\bouncycastle\bcprov-jdk15on\1.64\bcprov-jdk15on-1.64.jar;C:\Users\Alvaro\.m2\repository\org\slf4j\jcl-over-slf4j\1.7.30\jcl-over-slf4j-1.7.30.jar;C:\Users\Alvaro\.m2\repository\com\github\docker-java\docker-java-transport-httpclient5\3.2.14\docker-java-transport-httpclient5-3.2.14.jar;C:\Users\Alvaro\.m2\repository\com\github\docker-java\docker-java-transport\3.2.14\docker-java-transport-3.2.14.jar;C:\Users\Alvaro\.m2\repository\net\java\dev\jna\jna\5.12.1\jna-5.12.1.jar;C:\Users\Alvaro\.m2\repository\org\apache\httpcomponents\client5\httpclient5\5.2.1\httpclient5-5.2.1.jar;C:\Users\Alvaro\.m2\repository\org\apache\httpcomponents\core5\httpcore5\5.2\httpcore5-5.2.jar;C:\Users\Alvaro\.m2\repository\org\apache\httpcomponents\core5\httpcore5-h2\5.2\httpcore5-h2-5.2.jar;C:\Users\Alvaro\.m2\repository\com\jhlabs\filters\2.0.235\filters-2.0.235.jar;C:\Users\Alvaro\.m2\repository\com\paulhammant\ngwebdriver\1.1.6\ngwebdriver-1.1.6.jar;C:\Users\Alvaro\.m2\repository\joda-time\joda-time\2.12.2\joda-time-2.12.2.jar;C:\Users\Alvaro\.m2\repository\org\hamcrest\hamcrest\2.2\hamcrest-2.2.jar;C:\Users\Alvaro\.m2\repository\com\google\jimfs\jimfs\1.2\jimfs-1.2.jar;C:\Users\Alvaro\.m2\repository\org\mockito\mockito-core\3.3.3\mockito-core-3.3.3.jar;C:\Users\Alvaro\.m2\repository\org\assertj\assertj-core\3.24.2\assertj-core-3.24.2.jar;C:\Users\Alvaro\.m2\repository\javax\xml\bind\jaxb-api\2.3.1\jaxb-api-2.3.1.jar;C:\Users\Alvaro\.m2\repository\javax\activation\javax.activation-api\1.2.0\javax.activation-api-1.2.0.jar;C:\Users\Alvaro\.m2\repository\com\sun\xml\bind\jaxb-core\2.3.0.1\jaxb-core-2.3.0.1.jar;C:\Users\Alvaro\.m2\repository\com\sun\xml\bind\jaxb-impl\2.3.3\jaxb-impl-2.3.3.jar;C:\Users\Alvaro\.m2\repository\com\sun\activation\jakarta.activation\1.2.2\jakarta.activation-1.2.2.jar;C:\Users\Alvaro\.m2\repository\javax\activation\activation\1.1.1\activation-1.1.1.jar;C:\Users\Alvaro\.m2\repository\net\serenity-bdd\serenity-junit\3.9.8\serenity-junit-3.9.8.jar;C:\Users\Alvaro\.m2\repository\jakarta\xml\bind\jakarta.xml.bind-api\4.0.0\jakarta.xml.bind-api-4.0.0.jar;C:\Users\Alvaro\.m2\repository\jakarta\activation\jakarta.activation-api\2.1.0\jakarta.activation-api-2.1.0.jar;C:\Users\Alvaro\.m2\repository\net\serenity-bdd\serenity-cucumber\3.9.8\serenity-cucumber-3.9.8.jar;C:\Users\Alvaro\.m2\repository\net\serenity-bdd\serenity-screenplay\3.9.8\serenity-screenplay-3.9.8.jar;C:\Users\Alvaro\.m2\repository\net\serenity-bdd\serenity-screenplay-webdriver\3.9.8\serenity-screenplay-webdriver-3.9.8.jar;C:\Users\Alvaro\.m2\repository\org\apache\commons\commons-csv\1.5\commons-csv-1.5.jar;C:\Users\Alvaro\.m2\repository\ch\qos\logback\logback-classic\1.4.14\logback-classic-1.4.14.jar;C:\Users\Alvaro\.m2\repository\ch\qos\logback\logback-core\1.4.14\logback-core-1.4.14.jar;C:\Users\Alvaro\.m2\repository\org\slf4j\slf4j-api\2.0.7\slf4j-api-2.0.7.jar;"/>
    <property name="sun.cpu.endian" value="little"/>
    <property name="user.home" value="C:\Users\Alvaro"/>
    <property name="user.language" value="es"/>
    <property name="java.specification.vendor" value="Oracle Corporation"/>
    <property name="java.version.date" value="2025-07-15"/>
    <property name="java.home" value="C:\Program Files\Java\jdk-24"/>
    <property name="file.separator" value="\"/>
    <property name="basedir" value="C:\Users\Alvaro\eclipse-workspace\automationexercise2"/>
    <property name="style.color" value="always"/>
    <property name="java.vm.compressedOopsMode" value="Zero based"/>
    <property name="line.separator" value="&#10;"/>
    <property name="java.vm.specification.vendor" value="Oracle Corporation"/>
    <property name="java.specification.name" value="Java Platform API Specification"/>
    <property name="surefire.real.class.path" value="C:\Users\Alvaro\AppData\Local\Temp\surefire13751458493226520167\surefirebooter-20250813133739560_3.jar"/>
    <property name="user.script" value=""/>
    <property name="sun.management.compiler" value="HotSpot 64-Bit Tiered Compilers"/>
    <property name="java.runtime.version" value="24.0.2+12-54"/>
    <property name="user.name" value="Alvaro"/>
    <property name="stdout.encoding" value="Cp1252"/>
    <property name="path.separator" value=";"/>
    <property name="os.version" value="10.0"/>
    <property name="java.runtime.name" value="Java(TM) SE Runtime Environment"/>
    <property name="file.encoding" value="UTF-8"/>
    <property name="java.vm.name" value="Java HotSpot(TM) 64-Bit Server VM"/>
    <property name="localRepository" value="C:\Users\Alvaro\.m2\repository"/>
    <property name="java.vendor.url.bug" value="https://bugreport.java.com/bugreport/"/>
    <property name="java.io.tmpdir" value="C:\Users\Alvaro\AppData\Local\Temp\"/>
    <property name="java.version" value="24.0.2"/>
    <property name="user.dir" value="C:\Users\Alvaro\eclipse-workspace\automationexercise2"/>
    <property name="os.arch" value="amd64"/>
    <property name="java.vm.specification.name" value="Java Virtual Machine Specification"/>
    <property name="sun.os.patch.level" value=""/>
    <property name="native.encoding" value="Cp1252"/>
    <property name="java.library.path" value="C:\Program Files\Java\jdk-24\bin;C:\WINDOWS\Sun\Java\bin;C:\WINDOWS\system32;C:\WINDOWS;C:/Users/Alvaro/Downloads/eclipse-jee-2025-06-R-win32-x86_64/eclipse//plugins/org.eclipse.justj.openjdk.hotspot.jre.full.win32.x86_64_21.0.8.v20250724-1412/jre/bin/server;C:/Users/Alvaro/Downloads/eclipse-jee-2025-06-R-win32-x86_64/eclipse//plugins/org.eclipse.justj.openjdk.hotspot.jre.full.win32.x86_64_21.0.8.v20250724-1412/jre/bin;C:\Program Files\Common Files\Oracle\Java\javapath;C:\WINDOWS\system32;C:\WINDOWS;C:\WINDOWS\System32\Wbem;C:\WINDOWS\System32\WindowsPowerShell\v1.0\;C:\WINDOWS\System32\OpenSSH\;C:\Program Files\Git\cmd;C:\Program Files\PostgreSQL\17\bin;C:\Users\Alvaro\AppData\Local\nvm;C:\nvm4w\nodejs;C:\Program Files\Java\jdk-24\bin;C:\Ruby34-x64\bin;C:\Users\Alvaro\AppData\Local\Microsoft\WindowsApps;C:\Users\Alvaro\AppData\Local\Programs\Microsoft VS Code\bin;C:\Users\Alvaro\AppData\Roaming\npm;C:\Users\Alvaro\AppData\Local\nvm;C:\nvm4w\nodejs;C:\Users\Alvaro\Downloads\eclipse-jee-2025-06-R-win32-x86_64\eclipse;;."/>
    <property name="java.vm.info" value="mixed mode, sharing"/>
    <property name="stderr.encoding" value="Cp1252"/>
    <property name="java.vendor" value="Oracle Corporation"/>
    <property name="java.vm.version" value="24.0.2+12-54"/>
    <property name="sun.io.unicode.encoding" value="UnicodeLittle"/>
    <property name="java.class.version" value="68.0"/>
  </properties>
  <testcase name="iniciar seseion exitosamente" classname="Inicio de sesion" time="8.81">
    <system-out><![CDATA[13:37:40.538 [main] DEBUG io.cucumber.core.plugin.SerenityReporter -- Running feature from file:///C:/Users/Alvaro/eclipse-workspace/automationexercise2/./src/test/resources/features/Login.feature
13:37:40.787 [main] INFO  -- 

-------------------------------------------------------------------------------------
     _______. _______ .______       _______ .__   __.  __  .___________.____    ____ 
    /       ||   ____||   _  \     |   ____||  \ |  | |  | |           |\   \  /   / 
   |   (----`|  |__   |  |_)  |    |  |__   |   \|  | |  | `---|  |----` \   \/   /  
    \   \    |   __|  |      /     |   __|  |  . `  | |  |     |  |       \_    _/   
.----)   |   |  |____ |  |\  \----.|  |____ |  |\   | |  |     |  |         |  |     
|_______/    |_______|| _| `._____||_______||__| \__| |__|     |__|         |__|    
                                                                                     
 News and tutorials at http://www.serenity-bdd.info                                  
 Documentation at https://wakaleo.gitbooks.io/the-serenity-book/content/             
 Join the Serenity Community on Gitter: https://gitter.im/serenity-bdd/serenity-core 
 Serenity BDD Support and Training at http://serenity-bdd.info/#/trainingandsupport  
-------------------------------------------------------------------------------------

13:37:40.795 [main] DEBUG net.thucydides.core.steps.StepEventBus -- Test suite started for story net.thucydides.core.model.Story@8c5fe920
13:37:40.798 [main] INFO  -- Test Suite Started: Inicio de sesion
13:37:40.850 [main] DEBUG io.cucumber.core.plugin.SerenityReporter -- Running feature from file:///C:/Users/Alvaro/eclipse-workspace/automationexercise2/./src/test/resources/features/Login.feature
13:37:40.863 [main] DEBUG net.thucydides.core.steps.StepEventBus -- Test suite started for story net.thucydides.core.model.Story@8c5fe920
13:37:40.863 [main] INFO  -- Test Suite Started: Inicio de sesion
13:37:40.920 [main] DEBUG io.cucumber.core.plugin.SerenityReporter -- Running feature from file:///C:/Users/Alvaro/eclipse-workspace/automationexercise2/./src/test/resources/features/Login.feature
13:37:41.018 [main] INFO  -- 
  _____   ___   ___   _____     ___   _____     _     ___   _____   ___   ___  
 |_   _| | __| / __| |_   _|   / __| |_   _|   /_\   | _ \ |_   _| | __| |   \ 
   | |   | _|  \__ \   | |     \__ \   | |    / _ \  |   /   | |   | _|  | |) |
   |_|   |___| |___/   |_|     |___/   |_|   /_/ \_\ |_|_\   |_|   |___| |___/ 

iniciar seseion exitosamente(inicio-de-sesion;iniciar-seseion-exitosamente)
--------------------------------------------------------------------------------
13:37:49.643 [main] INFO  -- 
  _____   ___   ___   _____     ___     _     ___   ___   ___   ___  
 |_   _| | __| / __| |_   _|   | _ \   /_\   / __| / __| | __| |   \ 
   | |   | _|  \__ \   | |     |  _/  / _ \  \__ \ \__ \ | _|  | |) |
   |_|   |___| |___/   |_|     |_|   /_/ \_\ |___/ |___/ |___| |___/ 

iniciar seseion exitosamente
----------------------------------------------------------------------
]]></system-out>
    <system-err><![CDATA[ago 13, 2025 1:37:42 P. M. org.openqa.selenium.devtools.CdpVersionFinder findNearestMatch
WARNING: Unable to find CDP implementation matching 139
ago 13, 2025 1:37:42 P. M. org.openqa.selenium.chromium.ChromiumDriver lambda$new$5
WARNING: Unable to find version of CDP to use for 139.0.3405.86. You may need to include a dependency on a specific version of the CDP using something similar to `org.seleniumhq.selenium:selenium-devtools-v86:4.21.0` where the version ("v86") matches the version of the chromium-based browser you're using and the version number of the artifact is the same as Selenium's.
]]></system-err>
  </testcase>
</testsuite>